<?xml version="1.0" encoding="UTF-8"?>
<!-- Generated by org.testng.reporters.JUnitReportReporter -->
<testsuite hostname="DESKTOP-KQRAAFP" failures="0" tests="1" name="Fdpack.orangeHrm" time="0.000" errors="0" timestamp="2022-08-03T23:55:30 IST" skipped="1">
  <testcase classname="Fdpack.orangeHrm" name="orange" time="0.000">
    <skipped/>
  </testcase> <!-- orange -->
  <system-out/>
</testsuite> <!-- Fdpack.orangeHrm -->
